\BOOKMARK [0][-]{chapter.1}{Introduction}{}% 1
\BOOKMARK [1][-]{section.1.1}{Problem Statement}{chapter.1}% 2
\BOOKMARK [1][-]{section.1.2}{Proposed Solution}{chapter.1}% 3
\BOOKMARK [1][-]{section.1.3}{Core Contributions}{chapter.1}% 4
\BOOKMARK [1][-]{section.1.4}{Organization}{chapter.1}% 5
\BOOKMARK [0][-]{chapter.2}{Background}{}% 6
\BOOKMARK [1][-]{section.2.1}{Processes and Threads}{chapter.2}% 7
\BOOKMARK [1][-]{section.2.2}{Context Switch}{chapter.2}% 8
\BOOKMARK [1][-]{section.2.3}{Spinlocks}{chapter.2}% 9
\BOOKMARK [1][-]{section.2.4}{Device Driver}{chapter.2}% 10
\BOOKMARK [1][-]{section.2.5}{Memory Protection}{chapter.2}% 11
\BOOKMARK [1][-]{section.2.6}{Virtualization}{chapter.2}% 12
\BOOKMARK [2][-]{subsection.2.6.1}{Role of hypervisor}{section.2.6}% 13
\BOOKMARK [2][-]{subsection.2.6.2}{Xen Hypervisor}{section.2.6}% 14
\BOOKMARK [0][-]{chapter.3}{System Introduction}{}% 15
\BOOKMARK [1][-]{section.3.1}{Design Goal}{chapter.3}% 16
\BOOKMARK [1][-]{section.3.2}{Isolated Device Driver Properties}{chapter.3}% 17
\BOOKMARK [1][-]{section.3.3}{System Overview}{chapter.3}% 18
\BOOKMARK [1][-]{section.3.4}{System Components}{chapter.3}% 19
\BOOKMARK [2][-]{subsection.3.4.1}{Frontend Driver}{section.3.4}% 20
\BOOKMARK [2][-]{subsection.3.4.2}{Backend Driver}{section.3.4}% 21
\BOOKMARK [2][-]{subsection.3.4.3}{Communication Module}{section.3.4}% 22
\BOOKMARK [1][-]{section.3.5}{System Design}{chapter.3}% 23
\BOOKMARK [2][-]{subsection.3.5.1}{Communication Module}{section.3.5}% 24
\BOOKMARK [2][-]{subsection.3.5.2}{Frontend Driver}{section.3.5}% 25
\BOOKMARK [0][-]{chapter.4}{Implementation}{}% 26
\BOOKMARK [1][-]{section.4.1}{Implementation Overview}{chapter.4}% 27
\BOOKMARK [1][-]{section.4.2}{Implementation}{chapter.4}% 28
\BOOKMARK [2][-]{subsection.4.2.1}{Communication Module}{section.4.2}% 29
\BOOKMARK [2][-]{subsection.4.2.2}{Application Domain}{section.4.2}% 30
\BOOKMARK [2][-]{subsection.4.2.3}{Driver Domain}{section.4.2}% 31
\BOOKMARK [0][-]{chapter.5}{Evaluation}{}% 32
\BOOKMARK [1][-]{section.5.1}{Goals}{chapter.5}% 33
\BOOKMARK [1][-]{section.5.2}{Methodology}{chapter.5}% 34
\BOOKMARK [1][-]{section.5.3}{Xen Split Device Driver vs interrupt based IDDR System}{chapter.5}% 35
\BOOKMARK [1][-]{section.5.4}{Interrupt Based IDDR System vs Spinning Based IDDR System}{chapter.5}% 36
\BOOKMARK [0][-]{chapter.6}{Related Work}{}% 37
\BOOKMARK [1][-]{section.6.1}{Reliability}{chapter.6}% 38
\BOOKMARK [2][-]{subsection.6.1.1}{Driver Protection Approaches}{section.6.1}% 39
\BOOKMARK [2][-]{subsection.6.1.2}{Kernel Designs}{section.6.1}% 40
\BOOKMARK [1][-]{section.6.2}{Interdomain Communication}{chapter.6}% 41
\BOOKMARK [0][-]{chapter.7}{Conclusion}{}% 42
