This is pdfTeX, Version 3.1415926-2.4-1.40.13 (MiKTeX 2.9) (preloaded format=pdflatex 2013.11.26)  17 MAY 2014 02:02
entering extended mode
**thesis
(C:\Users\sushrut\Documents\git_co\remote-driver-dev\doc\latex\thesis.tex
LaTeX2e <2011/06/27>
Babel <v3.8m> and hyphenation patterns for english, afrikaans, ancientgreek, ar
abic, armenian, assamese, basque, bengali, bokmal, bulgarian, catalan, coptic, 
croatian, czech, danish, dutch, esperanto, estonian, farsi, finnish, french, ga
lician, german, german-x-2012-05-30, greek, gujarati, hindi, hungarian, iceland
ic, indonesian, interlingua, irish, italian, kannada, kurmanji, latin, latvian,
 lithuanian, malayalam, marathi, mongolian, mongolianlmc, monogreek, ngerman, n
german-x-2012-05-30, nynorsk, oriya, panjabi, pinyin, polish, portuguese, roman
ian, russian, sanskrit, serbian, slovak, slovenian, spanish, swedish, swissgerm
an, tamil, telugu, turkish, turkmen, ukenglish, ukrainian, uppersorbian, usengl
ishmax, welsh, loaded.
("C:\Program Files (x86)\MiKTeX 2.9\tex\latex\base\report.cls"
Document Class: report 2007/10/19 v1.4h Standard LaTeX document class
("C:\Program Files (x86)\MiKTeX 2.9\tex\latex\base\size12.clo"
File: size12.clo 2007/10/19 v1.4h Standard LaTeX file (size option)
)
\c@part=\count79
\c@chapter=\count80
\c@section=\count81
\c@subsection=\count82
\c@subsubsection=\count83
\c@paragraph=\count84
\c@subparagraph=\count85
\c@figure=\count86
\c@table=\count87
\abovecaptionskip=\skip41
\belowcaptionskip=\skip42
\bibindent=\dimen102
)
("C:\Program Files (x86)\MiKTeX 2.9\tex\latex\pdfpages\pdfpages.sty"
Package: pdfpages 2013/08/25 v0.4v Insert pages of external PDF documents (AM)

("C:\Program Files (x86)\MiKTeX 2.9\tex\latex\base\ifthen.sty"
Package: ifthen 2001/05/26 v1.1c Standard LaTeX ifthen package (DPC)
)
("C:\Program Files (x86)\MiKTeX 2.9\tex\latex\tools\calc.sty"
Package: calc 2007/08/22 v4.3 Infix arithmetic (KKT,FJ)
\calc@Acount=\count88
\calc@Bcount=\count89
\calc@Adimen=\dimen103
\calc@Bdimen=\dimen104
\calc@Askip=\skip43
\calc@Bskip=\skip44
LaTeX Info: Redefining \setlength on input line 76.
LaTeX Info: Redefining \addtolength on input line 77.
\calc@Ccount=\count90
\calc@Cskip=\skip45
)
("C:\Program Files (x86)\MiKTeX 2.9\tex\latex\eso-pic\eso-pic.sty"
Package: eso-pic 2013/10/06 v2.0d eso-pic (RN)

("C:\Program Files (x86)\MiKTeX 2.9\tex\generic\oberdiek\atbegshi.sty"
Package: atbegshi 2011/10/05 v1.16 At begin shipout hook (HO)

("C:\Program Files (x86)\MiKTeX 2.9\tex\generic\oberdiek\infwarerr.sty"
Package: infwarerr 2010/04/08 v1.3 Providing info/warning/error messages (HO)
)
("C:\Program Files (x86)\MiKTeX 2.9\tex\generic\oberdiek\ltxcmds.sty"
Package: ltxcmds 2011/11/09 v1.22 LaTeX kernel commands for general use (HO)
)
("C:\Program Files (x86)\MiKTeX 2.9\tex\generic\oberdiek\ifpdf.sty"
Package: ifpdf 2011/01/30 v2.3 Provides the ifpdf switch (HO)
Package ifpdf Info: pdfTeX in PDF mode is detected.
))
("C:\Program Files (x86)\MiKTeX 2.9\tex\latex\graphics\keyval.sty"
Package: keyval 1999/03/16 v1.13 key=value parser (DPC)
\KV@toks@=\toks14
)
("C:\Program Files (x86)\MiKTeX 2.9\tex\latex\xcolor\xcolor.sty"
Package: xcolor 2007/01/21 v2.11 LaTeX color extensions (UK)

("C:\Program Files (x86)\MiKTeX 2.9\tex\latex\00miktex\color.cfg"
File: color.cfg 2007/01/18 v1.5 color configuration of teTeX/TeXLive
)
Package xcolor Info: Driver file: pdftex.def on input line 225.

("C:\Program Files (x86)\MiKTeX 2.9\tex\latex\pdftex-def\pdftex.def"
File: pdftex.def 2011/05/27 v0.06d Graphics/color for pdfTeX
\Gread@gobject=\count91
)
Package xcolor Info: Model `cmy' substituted by `cmy0' on input line 1337.
Package xcolor Info: Model `hsb' substituted by `rgb' on input line 1341.
Package xcolor Info: Model `RGB' extended on input line 1353.
Package xcolor Info: Model `HTML' substituted by `rgb' on input line 1355.
Package xcolor Info: Model `Hsb' substituted by `hsb' on input line 1356.
Package xcolor Info: Model `tHsb' substituted by `hsb' on input line 1357.
Package xcolor Info: Model `HSB' substituted by `hsb' on input line 1358.
Package xcolor Info: Model `Gray' substituted by `gray' on input line 1359.
Package xcolor Info: Model `wave' substituted by `hsb' on input line 1360.
))
("C:\Program Files (x86)\MiKTeX 2.9\tex\latex\graphics\graphicx.sty"
Package: graphicx 1999/02/16 v1.0f Enhanced LaTeX Graphics (DPC,SPQR)

("C:\Program Files (x86)\MiKTeX 2.9\tex\latex\graphics\graphics.sty"
Package: graphics 2009/02/05 v1.0o Standard LaTeX Graphics (DPC,SPQR)

("C:\Program Files (x86)\MiKTeX 2.9\tex\latex\graphics\trig.sty"
Package: trig 1999/03/16 v1.09 sin cos tan (DPC)
)
("C:\Program Files (x86)\MiKTeX 2.9\tex\latex\00miktex\graphics.cfg"
File: graphics.cfg 2007/01/18 v1.5 graphics configuration of teTeX/TeXLive
)
Package graphics Info: Driver file: pdftex.def on input line 91.
)
\Gin@req@height=\dimen105
\Gin@req@width=\dimen106
)
("C:\Program Files (x86)\MiKTeX 2.9\tex\latex\pdfpages\pppdftex.def"
File: pppdftex.def 2013/08/25 v0.4v Pdfpages driver for pdfTeX (AM)
)
\AM@pagebox=\box26
\AM@toc@title=\toks15
\c@AM@survey=\count92
\AM@templatesizebox=\box27
)
("C:\Program Files (x86)\MiKTeX 2.9\tex\latex\caption\caption.sty"
Package: caption 2013/05/02 v3.3-89 Customizing captions (AR)

("C:\Program Files (x86)\MiKTeX 2.9\tex\latex\caption\caption3.sty"
Package: caption3 2013/05/02 v1.6-88 caption3 kernel (AR)
Package caption3 Info: TeX engine: e-TeX on input line 57.
\captionmargin=\dimen107
\captionmargin@=\dimen108
\captionwidth=\dimen109
\caption@tempdima=\dimen110
\caption@indent=\dimen111
\caption@parindent=\dimen112
\caption@hangindent=\dimen113
)
\c@ContinuedFloat=\count93
)
("C:\Program Files (x86)\MiKTeX 2.9\tex\latex\caption\subcaption.sty"
Package: subcaption 2013/02/03 v1.1-62 Sub-captions (AR)
\c@subfigure=\count94
\c@subtable=\count95
)
("C:\Program Files (x86)\MiKTeX 2.9\tex\latex\ltxmisc\url.sty"
\Urlmuskip=\muskip10
Package: url 2006/04/12  ver 3.3  Verb mode for urls, etc.
)
("C:\Program Files (x86)\MiKTeX 2.9\tex\latex\listings\listings.sty"
\lst@mode=\count96
\lst@gtempboxa=\box28
\lst@token=\toks16
\lst@length=\count97
\lst@currlwidth=\dimen114
\lst@column=\count98
\lst@pos=\count99
\lst@lostspace=\dimen115
\lst@width=\dimen116
\lst@newlines=\count100
\lst@lineno=\count101
\lst@maxwidth=\dimen117

("C:\Program Files (x86)\MiKTeX 2.9\tex\latex\listings\lstmisc.sty"
File: lstmisc.sty 2013/08/26 1.5b (Carsten Heinz)
\c@lstnumber=\count102
\lst@skipnumbers=\count103
\lst@framebox=\box29
)
("C:\Program Files (x86)\MiKTeX 2.9\tex\latex\listings\listings.cfg"
File: listings.cfg 2013/08/26 1.5b listings configuration
))
Package: listings 2013/08/26 1.5b (Carsten Heinz)

("C:\Program Files (x86)\MiKTeX 2.9\tex\latex\etoolbox\etoolbox.sty"
Package: etoolbox 2011/01/03 v2.1 e-TeX tools for LaTeX

("C:\Program Files (x86)\MiKTeX 2.9\tex\latex\misc\etex.sty"
Package: etex 1998/03/26 v2.0 eTeX basic definition package (PEB)
\et@xins=\count104
)
\etb@tempcnta=\count105
)
("C:\Program Files (x86)\MiKTeX 2.9\tex\latex\algorithm2e\algorithm2e.sty"
Package: algorithm2e 2013/01/06 v5.00 algorithms environments
\c@AlgoLine=\count106

("C:\Program Files (x86)\MiKTeX 2.9\tex\latex\tools\xspace.sty"
Package: xspace 2009/10/20 v1.13 Space after command names (DPC,MH)
)
("C:\Program Files (x86)\MiKTeX 2.9\tex\latex\ltxmisc\relsize.sty"
Package: relsize 2003/07/04 ver 3.1
)
********************************************************
Package `algorithm2e' Release 5.0 -- january 06 2013 --
- algorithm2e-announce@lirmm.fr mailing list for announcement about releases
- algorithm2e-discussion@lirmm.fr mailing list for discussion about package
subscribe by emailing sympa@lirmm.fr with 'subscribe <list> <firstname name>'
- Author: Christophe Fiorio (cfiorio@um2.fr)
********************************************************
\skiptotal=\skip46
\skiplinenumber=\skip47
\skiprule=\skip48
\skiphlne=\skip49
\skiptext=\skip50
\skiplength=\skip51
\algomargin=\skip52
\skipalgocfslide=\skip53
\algowidth=\dimen118
\inoutsize=\dimen119
\inoutindent=\dimen120
\interspacetitleruled=\dimen121
\interspacealgoruled=\dimen122
\interspacetitleboxruled=\dimen123
\algocf@inoutbox=\box30
\algocf@inputbox=\box31
\AlCapSkip=\skip54
\AlCapHSkip=\skip55
\algoskipindent=\skip56
\algocf@nlbox=\box32
\algocf@hangingbox=\box33
\algocf@untilbox=\box34
\algocf@skipuntil=\skip57
\algocf@capbox=\box35
\algoheightruledefault=\skip58
\algoheightrule=\skip59
\algotitleheightruledefault=\skip60
\algotitleheightrule=\skip61
\c@algocfline=\count107
\c@algocfproc=\count108
\c@algocf=\count109
\algocf@algoframe=\box36
\algocf@algobox=\box37
) ("C:\Program Files (x86)\MiKTeX 2.9\tex\latex\titlesec\titlesec.sty"
Package: titlesec 2011/12/15 v2.10.0 Sectioning titles
\ttl@box=\box38
\beforetitleunit=\skip62
\aftertitleunit=\skip63
\ttl@plus=\dimen124
\ttl@minus=\dimen125
\ttl@toksa=\toks17
\titlewidth=\dimen126
\titlewidthlast=\dimen127
\titlewidthfirst=\dimen128
)
("C:\Program Files (x86)\MiKTeX 2.9\tex\latex\hyperref\hyperref.sty"
Package: hyperref 2012/11/06 v6.83m Hypertext links for LaTeX

("C:\Program Files (x86)\MiKTeX 2.9\tex\generic\oberdiek\hobsub-hyperref.sty"
Package: hobsub-hyperref 2012/04/25 v1.12 Bundle oberdiek, subset hyperref (HO)


("C:\Program Files (x86)\MiKTeX 2.9\tex\generic\oberdiek\hobsub-generic.sty"
Package: hobsub-generic 2012/04/25 v1.12 Bundle oberdiek, subset generic (HO)
Package: hobsub 2012/04/25 v1.12 Construct package bundles (HO)
Package hobsub Info: Skipping package `infwarerr' (already loaded).
Package hobsub Info: Skipping package `ltxcmds' (already loaded).
Package: ifluatex 2010/03/01 v1.3 Provides the ifluatex switch (HO)
Package ifluatex Info: LuaTeX not detected.
Package: ifvtex 2010/03/01 v1.5 Detect VTeX and its facilities (HO)
Package ifvtex Info: VTeX not detected.
Package: intcalc 2007/09/27 v1.1 Expandable calculations with integers (HO)
Package hobsub Info: Skipping package `ifpdf' (already loaded).
Package: etexcmds 2011/02/16 v1.5 Avoid name clashes with e-TeX commands (HO)
Package etexcmds Info: Could not find \expanded.
(etexcmds)             That can mean that you are not using pdfTeX 1.50 or
(etexcmds)             that some package has redefined \expanded.
(etexcmds)             In the latter case, load this package earlier.
Package: kvsetkeys 2012/04/25 v1.16 Key value parser (HO)
Package: kvdefinekeys 2011/04/07 v1.3 Define keys (HO)
Package: pdftexcmds 2011/11/29 v0.20 Utility functions of pdfTeX for LuaTeX (HO
)
Package pdftexcmds Info: LuaTeX not detected.
Package pdftexcmds Info: \pdf@primitive is available.
Package pdftexcmds Info: \pdf@ifprimitive is available.
Package pdftexcmds Info: \pdfdraftmode found.
Package: pdfescape 2011/11/25 v1.13 Implements pdfTeX's escape features (HO)
Package: bigintcalc 2012/04/08 v1.3 Expandable calculations on big integers (HO
)
Package: bitset 2011/01/30 v1.1 Handle bit-vector datatype (HO)
Package: uniquecounter 2011/01/30 v1.2 Provide unlimited unique counter (HO)
)
Package hobsub Info: Skipping package `hobsub' (already loaded).
Package: letltxmacro 2010/09/02 v1.4 Let assignment for LaTeX macros (HO)
Package: hopatch 2011/06/24 v1.1 Wrapper for package hooks (HO)
Package: xcolor-patch 2011/01/30 xcolor patch
Package: atveryend 2011/06/30 v1.8 Hooks at the very end of document (HO)
Package hobsub Info: Skipping package `atbegshi' (already loaded).
Package: refcount 2011/10/16 v3.4 Data extraction from label references (HO)
Package: hycolor 2011/01/30 v1.7 Color options for hyperref/bookmark (HO)
)
("C:\Program Files (x86)\MiKTeX 2.9\tex\generic\ifxetex\ifxetex.sty"
Package: ifxetex 2010/09/12 v0.6 Provides ifxetex conditional
)
("C:\Program Files (x86)\MiKTeX 2.9\tex\latex\oberdiek\auxhook.sty"
Package: auxhook 2011/03/04 v1.3 Hooks for auxiliary files (HO)
)
("C:\Program Files (x86)\MiKTeX 2.9\tex\latex\oberdiek\kvoptions.sty"
Package: kvoptions 2011/06/30 v3.11 Key value format for package options (HO)
)
\@linkdim=\dimen129
\Hy@linkcounter=\count110
\Hy@pagecounter=\count111

("C:\Program Files (x86)\MiKTeX 2.9\tex\latex\hyperref\pd1enc.def"
File: pd1enc.def 2012/11/06 v6.83m Hyperref: PDFDocEncoding definition (HO)
)
\Hy@SavedSpaceFactor=\count112

("C:\Program Files (x86)\MiKTeX 2.9\tex\latex\00miktex\hyperref.cfg"
File: hyperref.cfg 2002/06/06 v1.2 hyperref configuration of TeXLive
)
Package hyperref Info: Hyper figures OFF on input line 4443.
Package hyperref Info: Link nesting OFF on input line 4448.
Package hyperref Info: Hyper index ON on input line 4451.
Package hyperref Info: Plain pages OFF on input line 4458.
Package hyperref Info: Backreferencing OFF on input line 4463.
Package hyperref Info: Implicit mode ON; LaTeX internals redefined.
Package hyperref Info: Bookmarks ON on input line 4688.
\c@Hy@tempcnt=\count113
LaTeX Info: Redefining \url on input line 5041.
\XeTeXLinkMargin=\dimen130
\Fld@menulength=\count114
\Field@Width=\dimen131
\Fld@charsize=\dimen132
Package hyperref Info: Hyper figures OFF on input line 6295.
Package hyperref Info: Link nesting OFF on input line 6300.
Package hyperref Info: Hyper index ON on input line 6303.
Package hyperref Info: backreferencing OFF on input line 6310.
Package hyperref Info: Link coloring OFF on input line 6315.
Package hyperref Info: Link coloring with OCG OFF on input line 6320.
Package hyperref Info: PDF/A mode OFF on input line 6325.
LaTeX Info: Redefining \ref on input line 6365.
LaTeX Info: Redefining \pageref on input line 6369.
\Hy@abspage=\count115
\c@Item=\count116
\c@Hfootnote=\count117
)

Package hyperref Message: Driver (autodetected): hpdftex.

("C:\Program Files (x86)\MiKTeX 2.9\tex\latex\hyperref\hpdftex.def"
File: hpdftex.def 2012/11/06 v6.83m Hyperref driver for pdfTeX
\Fld@listcount=\count118
\c@bookmark@seq@number=\count119

("C:\Program Files (x86)\MiKTeX 2.9\tex\latex\oberdiek\rerunfilecheck.sty"
Package: rerunfilecheck 2011/04/15 v1.7 Rerun checks for auxiliary files (HO)
Package uniquecounter Info: New unique counter `rerunfilecheck' on input line 2
82.
)
\Hy@SectionHShift=\skip64
)
\c@subsubsubsection=\count120

(C:\Users\sushrut\Documents\git_co\remote-driver-dev\doc\latex\thesis.aux)
LaTeX Font Info:    Checking defaults for OML/cmm/m/it on input line 75.
LaTeX Font Info:    ... okay on input line 75.
LaTeX Font Info:    Checking defaults for T1/cmr/m/n on input line 75.
LaTeX Font Info:    ... okay on input line 75.
LaTeX Font Info:    Checking defaults for OT1/cmr/m/n on input line 75.
LaTeX Font Info:    ... okay on input line 75.
LaTeX Font Info:    Checking defaults for OMS/cmsy/m/n on input line 75.
LaTeX Font Info:    ... okay on input line 75.
LaTeX Font Info:    Checking defaults for OMX/cmex/m/n on input line 75.
LaTeX Font Info:    ... okay on input line 75.
LaTeX Font Info:    Checking defaults for U/cmr/m/n on input line 75.
LaTeX Font Info:    ... okay on input line 75.
LaTeX Font Info:    Checking defaults for PD1/pdf/m/n on input line 75.
LaTeX Font Info:    ... okay on input line 75.
\AtBeginShipoutBox=\box39

("C:\Program Files (x86)\MiKTeX 2.9\tex\context\base\supp-pdf.mkii"
[Loading MPS to PDF converter (version 2006.09.02).]
\scratchcounter=\count121
\scratchdimen=\dimen133
\scratchbox=\box40
\nofMPsegments=\count122
\nofMParguments=\count123
\everyMPshowfont=\toks18
\MPscratchCnt=\count124
\MPscratchDim=\dimen134
\MPnumerator=\count125
\makeMPintoPDFobject=\count126
\everyMPtoPDFconversion=\toks19
)
Package caption Info: Begin \AtBeginDocument code.
Package caption Info: hyperref package is loaded.
Package caption Info: listings package is loaded.
Package caption Info: End \AtBeginDocument code.
\c@lstlisting=\count127
Package hyperref Info: Link coloring OFF on input line 75.
 ("C:\Program Files (x86)\MiKTeX 2.9\tex\latex\hyperref\nameref.sty"
Package: nameref 2012/10/27 v2.43 Cross-referencing by name of section

("C:\Program Files (x86)\MiKTeX 2.9\tex\generic\oberdiek\gettitlestring.sty"
Package: gettitlestring 2010/12/03 v1.4 Cleanup title references (HO)
)
\c@section@level=\count128
)
LaTeX Info: Redefining \ref on input line 75.
LaTeX Info: Redefining \pageref on input line 75.
LaTeX Info: Redefining \nameref on input line 75.

(C:\Users\sushrut\Documents\git_co\remote-driver-dev\doc\latex\thesis.out)
(C:\Users\sushrut\Documents\git_co\remote-driver-dev\doc\latex\thesis.out)
\@outlinefile=\write3

[1

{C:/ProgramData/MiKTeX/2.9/pdftex/config/pdftex.map}]

LaTeX Warning: Citation `Fraser04safehardware' on page ii undefined on input li
ne 144.

[2] [3]
(C:\Users\sushrut\Documents\git_co\remote-driver-dev\doc\latex\chapters/Acknowl
edgments.tex) [4

]
(C:\Users\sushrut\Documents\git_co\remote-driver-dev\doc\latex\thesis.toc
LaTeX Font Info:    External font `cmex10' loaded for size
(Font)              <12> on input line 2.
LaTeX Font Info:    External font `cmex10' loaded for size
(Font)              <8> on input line 2.
LaTeX Font Info:    External font `cmex10' loaded for size
(Font)              <6> on input line 2.

[5

] [6])
\tf@toc=\write4
 [7]
(C:\Users\sushrut\Documents\git_co\remote-driver-dev\doc\latex\thesis.lof
[8

])
\tf@lof=\write5
 [9]
(C:\Users\sushrut\Documents\git_co\remote-driver-dev\doc\latex\thesis.lot)
\tf@lot=\write6

[10

]
Chapter 1.

(C:\Users\sushrut\Documents\git_co\remote-driver-dev\doc\latex\chapters/introdu
ction.tex

LaTeX Warning: Citation `coveritykernel' on page 1 undefined on input line 9.


LaTeX Warning: Citation `denning1970virtual' on page 1 undefined on input line 
16.


LaTeX Warning: Citation `Galvin' on page 1 undefined on input line 16.

[1

]

LaTeX Warning: Citation `LeVasseur04UnmodifiedDriverReuse' on page 2 undefined 
on input line 29.


LaTeX Warning: Citation `Fraser04safehardware' on page 2 undefined on input lin
e 30.


LaTeX Warning: Citation `driverdomain' on page 2 undefined on input line 30.


LaTeX Warning: Citation `Chisnall:2007:DGX:1407351' on page 2 undefined on inpu
t line 42.

<images/xen-split-tcp.pdf, id=320, 963.6pt x 542.025pt>
File: images/xen-split-tcp.pdf Graphic file (type pdf)

<use images/xen-split-tcp.pdf>
Package pdftex.def Info: images/xen-split-tcp.pdf used on input line 50.
(pdftex.def)             Requested size: 481.79883pt x 271.01183pt.

Overfull \hbox (12.04384pt too wide) in paragraph at lines 50--51
 [][] 
 []


LaTeX Warning: Citation `driverdomain' on page 2 undefined on input line 60.

[2] [3 <C:/Users/sushrut/Documents/git_co/remote-driver-dev/doc/latex/images/xe
n-split-tcp.pdf>]

LaTeX Warning: Citation `barham2003xen' on page 4 undefined on input line 73.


LaTeX Warning: Citation `Sugerman:2001:VID:647055.715774' on page 4 undefined o
n input line 73.


LaTeX Warning: Citation `Menon:2006:ONV:1267359.1267361' on page 4 undefined on
 input line 73.


LaTeX Warning: Citation `barham2003xen' on page 4 undefined on input line 75.


LaTeX Warning: Citation `barham2003xen' on page 4 undefined on input line 79.


LaTeX Warning: Citation `Li:2007:QCC:1281700.1281702' on page 4 undefined on in
put line 80.


LaTeX Warning: Citation `Mogul:1991:ECS:106973.106982' on page 4 undefined on i
nput line 80.


LaTeX Warning: Citation `Bovet:2005:ULK:1077084' on page 4 undefined on input l
ine 87.


LaTeX Warning: Citation `driverdomain' on page 4 undefined on input line 98.

[4] [5] [6])
Chapter 2.

(C:\Users\sushrut\Documents\git_co\remote-driver-dev\doc\latex\chapters/Backgro
und.tex
Overfull \hbox (0.8929pt too wide) in paragraph at lines 1--3
\OT1/cmr/m/n/12 This sec-tion pro-vides back-ground on op-er-at-ing sys-tem ter
-mi-nol-ogy such as pro-cesses, threads,
 []


LaTeX Warning: Citation `Galvin' on page 7 undefined on input line 7.


LaTeX Warning: Citation `Galvin' on page 7 undefined on input line 11.

<images/thread1.pdf, id=356, 963.6pt x 542.025pt>
File: images/thread1.pdf Graphic file (type pdf)
 <use images/thread1.pdf>
Package pdftex.def Info: images/thread1.pdf used on input line 20.
(pdftex.def)             Requested size: 240.89941pt x 135.5059pt.

Overfull \hbox (29.51111pt too wide) in paragraph at lines 20--21
[][] 
 []

<images/thread2.pdf, id=357, 963.6pt x 542.025pt>
File: images/thread2.pdf Graphic file (type pdf)
 <use images/thread2.pdf>
Package pdftex.def Info: images/thread2.pdf used on input line 26.
(pdftex.def)             Requested size: 240.89941pt x 135.5059pt.

Overfull \hbox (29.51111pt too wide) in paragraph at lines 26--27
[][] 
 []

[7

]

LaTeX Warning: Citation `Galvin' on page 8 undefined on input line 46.


LaTeX Warning: Citation `Soares+:osdi10' on page 8 undefined on input line 51.


LaTeX Warning: Citation `Li:2007:QCC:1281700.1281702' on page 8 undefined on in
put line 51.

[8 <C:/Users/sushrut/Documents/git_co/remote-driver-dev/doc/latex/images/thread
1.pdf> <C:/Users/sushrut/Documents/git_co/remote-driver-dev/doc/latex/images/th
read2.pdf

pdfTeX warning: pdflatex (file C:/Users/sushrut/Documents/git_co/remote-driver-
dev/doc/latex/images/thread2.pdf): PDF inclusion: multiple pdfs with page group
 included in a single page
>]

LaTeX Warning: Citation `Bovet:2005:ULK:1077084' on page 9 undefined on input l
ine 61.

[9] <images/kernel.pdf, id=386, 963.6pt x 542.025pt>
File: images/kernel.pdf Graphic file (type pdf)
 <use images/kernel.pdf>
Package pdftex.def Info: images/kernel.pdf used on input line 87.
(pdftex.def)             Requested size: 481.79883pt x 271.01183pt.

Overfull \hbox (12.04384pt too wide) in paragraph at lines 87--88
 [][] 
 []

[10 <C:/Users/sushrut/Documents/git_co/remote-driver-dev/doc/latex/images/kerne
l.pdf>]

LaTeX Warning: Citation `Corbet:2005:LDD:1209083' on page 11 undefined on input
 line 108.


LaTeX Warning: Citation `Corbet:2005:LDD:1209083' on page 11 undefined on input
 line 125.

[11]

LaTeX Warning: Citation `Corbet:2005:LDD:1209083' on page 12 undefined on input
 line 132.


LaTeX Warning: Citation `Galvin' on page 12 undefined on input line 149.


LaTeX Warning: Citation `Graham:1971:PPP:1478873.1478928' on page 12 undefined 
on input line 149.

<images/memory_map.pdf, id=478, 963.6pt x 542.025pt>
File: images/memory_map.pdf Graphic file (type pdf)

<use images/memory_map.pdf>
Package pdftex.def Info: images/memory_map.pdf used on input line 153.
(pdftex.def)             Requested size: 240.89941pt x 135.5059pt.
 [12] [13 <C:/Users/sushrut/Documents/git_co/remote-driver-dev/doc/latex/images
/memory_map.pdf>]
<images/user-space-1.pdf, id=499, 963.6pt x 542.025pt>
File: images/user-space-1.pdf Graphic file (type pdf)

<use images/user-space-1.pdf>
Package pdftex.def Info: images/user-space-1.pdf used on input line 188.
(pdftex.def)             Requested size: 240.89941pt x 135.5059pt.

Overfull \hbox (10.7169pt too wide) in paragraph at lines 188--189
[][] 
 []

<images/user-space-2.pdf, id=500, 963.6pt x 542.025pt>
File: images/user-space-2.pdf Graphic file (type pdf)

<use images/user-space-2.pdf>
Package pdftex.def Info: images/user-space-2.pdf used on input line 193.
(pdftex.def)             Requested size: 240.89941pt x 135.5059pt.

Overfull \hbox (10.7169pt too wide) in paragraph at lines 193--194
[][] 
 []

<images/kernel-space-1.pdf, id=502, 963.6pt x 542.025pt>
File: images/kernel-space-1.pdf Graphic file (type pdf)

<use images/kernel-space-1.pdf>
Package pdftex.def Info: images/kernel-space-1.pdf used on input line 212.
(pdftex.def)             Requested size: 240.89941pt x 135.5059pt.

Overfull \hbox (10.7169pt too wide) in paragraph at lines 212--213
[][] 
 []

<images/kernel-space-2.pdf, id=503, 963.6pt x 542.025pt>
File: images/kernel-space-2.pdf Graphic file (type pdf)

<use images/kernel-space-2.pdf>
Package pdftex.def Info: images/kernel-space-2.pdf used on input line 217.
(pdftex.def)             Requested size: 240.89941pt x 135.5059pt.

Overfull \hbox (10.7169pt too wide) in paragraph at lines 217--218
[][] 
 []


LaTeX Warning: Citation `Galvin' on page 14 undefined on input line 228.

[14 <C:/Users/sushrut/Documents/git_co/remote-driver-dev/doc/latex/images/user-
space-1.pdf> <C:/Users/sushrut/Documents/git_co/remote-driver-dev/doc/latex/ima
ges/user-space-2.pdf

pdfTeX warning: pdflatex (file C:/Users/sushrut/Documents/git_co/remote-driver-
dev/doc/latex/images/user-space-2.pdf): PDF inclusion: multiple pdfs with page 
group included in a single page
>]

LaTeX Warning: Citation `Drepper:2008:CV:1348583.1348591' on page 15 undefined 
on input line 236.


LaTeX Warning: Citation `Fraser04safehardware' on page 15 undefined on input li
ne 239.


LaTeX Warning: Citation `LeVasseur04UnmodifiedDriverReuse' on page 15 undefined
 on input line 239.


LaTeX Warning: Citation `Riley:2008:GPK:1433006.1433008' on page 15 undefined o
n input line 239.

<images/OS-arch.pdf, id=521, 963.6pt x 542.025pt>
File: images/OS-arch.pdf Graphic file (type pdf)
 <use images/OS-arch.pdf>
Package pdftex.def Info: images/OS-arch.pdf used on input line 244.
(pdftex.def)             Requested size: 240.89941pt x 135.5059pt.

Overfull \hbox (10.7169pt too wide) in paragraph at lines 244--245
[][] 
 []

<images/virtualization.pdf, id=522, 963.6pt x 542.025pt>
File: images/virtualization.pdf Graphic file (type pdf)

<use images/virtualization.pdf>
Package pdftex.def Info: images/virtualization.pdf used on input line 250.
(pdftex.def)             Requested size: 240.89941pt x 135.5059pt.

Overfull \hbox (10.7169pt too wide) in paragraph at lines 250--251
[][] 
 []


LaTeX Warning: Citation `Agesen:2010:EXV:1899928.1899930' on page 15 undefined 
on input line 267.

[15 <C:/Users/sushrut/Documents/git_co/remote-driver-dev/doc/latex/images/kerne
l-space-1.pdf> <C:/Users/sushrut/Documents/git_co/remote-driver-dev/doc/latex/i
mages/kernel-space-2.pdf

pdfTeX warning: pdflatex (file C:/Users/sushrut/Documents/git_co/remote-driver-
dev/doc/latex/images/kernel-space-2.pdf): PDF inclusion: multiple pdfs with pag
e group included in a single page
>]

LaTeX Warning: Citation `barham2003xen' on page 16 undefined on input line 272.



LaTeX Warning: Citation `Chisnall:2007:DGX:1407351' on page 16 undefined on inp
ut line 272.


LaTeX Warning: Citation `Habib:2008:VK:1344209.1344217' on page 16 undefined on
 input line 273.


LaTeX Warning: Citation `kivity2007kvm' on page 16 undefined on input line 273.



LaTeX Warning: Citation `Agesen:2010:EXV:1899928.1899930' on page 16 undefined 
on input line 274.


LaTeX Warning: Citation `camargos2008virtualization' on page 16 undefined on in
put line 275.


LaTeX Warning: Citation `Popek:1974:FRV:361011.361073' on page 16 undefined on 
input line 277.

[16 <C:/Users/sushrut/Documents/git_co/remote-driver-dev/doc/latex/images/OS-ar
ch.pdf> <C:/Users/sushrut/Documents/git_co/remote-driver-dev/doc/latex/images/v
irtualization.pdf

pdfTeX warning: pdflatex (file C:/Users/sushrut/Documents/git_co/remote-driver-
dev/doc/latex/images/virtualization.pdf): PDF inclusion: multiple pdfs with pag
e group included in a single page
>]
LaTeX Font Info:    Try loading font information for OMS+cmr on input line 279.

 ("C:\Program Files (x86)\MiKTeX 2.9\tex\latex\base\omscmr.fd"
File: omscmr.fd 1999/05/25 v2.5h Standard LaTeX font definitions
)
LaTeX Font Info:    Font shape `OMS/cmr/m/n' in size <12> not available
(Font)              Font shape `OMS/cmsy/m/n' tried instead on input line 279.


LaTeX Warning: Citation `barham2003xen' on page 17 undefined on input line 284.



LaTeX Warning: Citation `Agesen:2010:EXV:1899928.1899930' on page 17 undefined 
on input line 285.

<images/type1.pdf, id=547, 963.6pt x 542.025pt>
File: images/type1.pdf Graphic file (type pdf)
 <use images/type1.pdf>
Package pdftex.def Info: images/type1.pdf used on input line 289.
(pdftex.def)             Requested size: 337.26506pt x 189.71158pt.


LaTeX Warning: Citation `Sugerman:2001:VID:647055.715774' on page 17 undefined 
on input line 297.


LaTeX Warning: Citation `camargos2008virtualization' on page 17 undefined on in
put line 297.

<images/type2.pdf, id=548, 963.6pt x 542.025pt>
File: images/type2.pdf Graphic file (type pdf)
 <use images/type2.pdf>
Package pdftex.def Info: images/type2.pdf used on input line 301.
(pdftex.def)             Requested size: 385.43317pt x 216.80615pt.


LaTeX Warning: Citation `barham2003xen' on page 17 undefined on input line 308.



LaTeX Warning: Citation `king2003operating' on page 17 undefined on input line 
310.

[17 <C:/Users/sushrut/Documents/git_co/remote-driver-dev/doc/latex/images/type1
.pdf>] [18 <C:/Users/sushrut/Documents/git_co/remote-driver-dev/doc/latex/image
s/type2.pdf>]

LaTeX Warning: Citation `Chisnall:2007:DGX:1407351' on page 19 undefined on inp
ut line 339.

<images/xen-split-fs.pdf, id=569, 963.6pt x 542.025pt>
File: images/xen-split-fs.pdf Graphic file (type pdf)

<use images/xen-split-fs.pdf>
Package pdftex.def Info: images/xen-split-fs.pdf used on input line 343.
(pdftex.def)             Requested size: 481.79883pt x 271.01183pt.

Overfull \hbox (12.04384pt too wide) in paragraph at lines 343--344
 [][] 
 []

<images/xen.pdf, id=570, 963.6pt x 542.025pt>
File: images/xen.pdf Graphic file (type pdf)
 <use images/xen.pdf>
Package pdftex.def Info: images/xen.pdf used on input line 349.
(pdftex.def)             Requested size: 481.79883pt x 271.01183pt.

Overfull \hbox (12.04384pt too wide) in paragraph at lines 349--350
 [][] 
 []


LaTeX Warning: `!h' float specifier changed to `!ht'.


LaTeX Warning: Citation `hypercall' on page 19 undefined on input line 358.

[19 <C:/Users/sushrut/Documents/git_co/remote-driver-dev/doc/latex/images/xen-s
plit-fs.pdf>] [20 <C:/Users/sushrut/Documents/git_co/remote-driver-dev/doc/late
x/images/xen.pdf>] <images/IObuffer.pdf, id=588, 963.6pt x 542.025pt>
File: images/IObuffer.pdf Graphic file (type pdf)

<use images/IObuffer.pdf>
Package pdftex.def Info: images/IObuffer.pdf used on input line 389.
(pdftex.def)             Requested size: 481.79883pt x 271.01183pt.

Overfull \hbox (12.04384pt too wide) in paragraph at lines 389--390
 [][] 
 []

[21] <images/IObuffer2.pdf, id=597, 963.6pt x 542.025pt>
File: images/IObuffer2.pdf Graphic file (type pdf)

<use images/IObuffer2.pdf>
Package pdftex.def Info: images/IObuffer2.pdf used on input line 415.
(pdftex.def)             Requested size: 481.79883pt x 271.01183pt.

Overfull \hbox (12.04384pt too wide) in paragraph at lines 415--416
 [][] 
 []


LaTeX Warning: Citation `granttable' on page 22 undefined on input line 430.

[22 <C:/Users/sushrut/Documents/git_co/remote-driver-dev/doc/latex/images/IObuf
fer.pdf>]

LaTeX Warning: Citation `Chisnall:2007:DGX:1407351' on page 23 undefined on inp
ut line 438.


LaTeX Warning: Citation `barham2003xen' on page 23 undefined on input line 438.



LaTeX Warning: Citation `granttable' on page 23 undefined on input line 438.

[23 <C:/Users/sushrut/Documents/git_co/remote-driver-dev/doc/latex/images/IObuf
fer2.pdf>]) [24]
Chapter 3.

(C:\Users\sushrut\Documents\git_co\remote-driver-dev\doc\latex\chapters/systemi
ntroduction.tex <images/OSoverview.pdf, id=622, 963.6pt x 542.025pt>
File: images/OSoverview.pdf Graphic file (type pdf)

<use images/OSoverview.pdf>
Package pdftex.def Info: images/OSoverview.pdf used on input line 9.
(pdftex.def)             Requested size: 481.79883pt x 271.01183pt.

Overfull \hbox (12.04384pt too wide) in paragraph at lines 9--10
 [][] 
 []

<images/baseIDDRsystemoverview.pdf, id=623, 963.6pt x 542.025pt>
File: images/baseIDDRsystemoverview.pdf Graphic file (type pdf)

<use images/baseIDDRsystemoverview.pdf>
Package pdftex.def Info: images/baseIDDRsystemoverview.pdf used on input line 1
6.
(pdftex.def)             Requested size: 481.79883pt x 271.01183pt.

Overfull \hbox (12.04384pt too wide) in paragraph at lines 16--17
 [][] 
 []

[25

] [26 <C:/Users/sushrut/Documents/git_co/remote-driver-dev/doc/latex/images/OSo
verview.pdf>] [27 <C:/Users/sushrut/Documents/git_co/remote-driver-dev/doc/late
x/images/baseIDDRsystemoverview.pdf>] [28]
<images/IDDRcomponents.pdf, id=654, 963.6pt x 542.025pt>
File: images/IDDRcomponents.pdf Graphic file (type pdf)

<use images/IDDRcomponents.pdf>
Package pdftex.def Info: images/IDDRcomponents.pdf used on input line 90.
(pdftex.def)             Requested size: 481.79883pt x 271.01183pt.

Overfull \hbox (12.04384pt too wide) in paragraph at lines 90--91
 [][] 
 []

[29] [30 <C:/Users/sushrut/Documents/git_co/remote-driver-dev/doc/latex/images/
IDDRcomponents.pdf>] <images/IDDRdesign.pdf, id=669, 963.6pt x 542.025pt>
File: images/IDDRdesign.pdf Graphic file (type pdf)

<use images/IDDRdesign.pdf>
Package pdftex.def Info: images/IDDRdesign.pdf used on input line 129.
(pdftex.def)             Requested size: 481.79883pt x 271.01183pt.

Overfull \hbox (12.04384pt too wide) in paragraph at lines 129--130
 [][] 
 []

[31 <C:/Users/sushrut/Documents/git_co/remote-driver-dev/doc/latex/images/IDDRd
esign.pdf>] <images/component1.pdf, id=678, 963.6pt x 542.025pt>
File: images/component1.pdf Graphic file (type pdf)

<use images/component1.pdf>
Package pdftex.def Info: images/component1.pdf used on input line 150.
(pdftex.def)             Requested size: 240.89941pt x 135.5059pt.

Overfull \hbox (29.51111pt too wide) in paragraph at lines 150--151
[][] 
 []

<images/component2.pdf, id=679, 963.6pt x 542.025pt>
File: images/component2.pdf Graphic file (type pdf)

<use images/component2.pdf>
Package pdftex.def Info: images/component2.pdf used on input line 156.
(pdftex.def)             Requested size: 240.89941pt x 135.5059pt.

Overfull \hbox (29.51111pt too wide) in paragraph at lines 156--157
[][] 
 []

[32 <C:/Users/sushrut/Documents/git_co/remote-driver-dev/doc/latex/images/compo
nent1.pdf> <C:/Users/sushrut/Documents/git_co/remote-driver-dev/doc/latex/image
s/component2.pdf

pdfTeX warning: pdflatex (file C:/Users/sushrut/Documents/git_co/remote-driver-
dev/doc/latex/images/component2.pdf): PDF inclusion: multiple pdfs with page gr
oup included in a single page
>] <images/communicationmodule.pdf, id=694, 963.6pt x 542.025pt>
File: images/communicationmodule.pdf Graphic file (type pdf)

<use images/communicationmodule.pdf>
Package pdftex.def Info: images/communicationmodule.pdf used on input line 180.

(pdftex.def)             Requested size: 481.79883pt x 271.01183pt.

Overfull \hbox (12.04384pt too wide) in paragraph at lines 180--181
 [][] 
 []

[33 <C:/Users/sushrut/Documents/git_co/remote-driver-dev/doc/latex/images/commu
nicationmodule.pdf>]) [34]
Chapter 4.

(C:\Users\sushrut\Documents\git_co\remote-driver-dev\doc\latex\chapters/impleme
ntation.tex <images/impl_overview_new.pdf, id=713, 963.6pt x 542.025pt>
File: images/impl_overview_new.pdf Graphic file (type pdf)

<use images/impl_overview_new.pdf>
Package pdftex.def Info: images/impl_overview_new.pdf used on input line 37.
(pdftex.def)             Requested size: 469.75499pt x 264.23819pt.
 [35

]

LaTeX Warning: Text page 36 contains only floats.

[36 <C:/Users/sushrut/Documents/git_co/remote-driver-dev/doc/latex/images/impl_
overview_new.pdf>] [37] [38]

LaTeX Warning: Citation `Galvin' on page 39 undefined on input line 112.


LaTeX Warning: Citation `Bovet:2005:ULK:1077084' on page 39 undefined on input 
line 112.

[39] [40] [41] [42] [43]) [44]
Chapter 5.

(C:\Users\sushrut\Documents\git_co\remote-driver-dev\doc\latex\chapters/Evaluat
ion.tex [45

] [46]

LaTeX Warning: Citation `sysbench' on page 47 undefined on input line 59.

[47]

LaTeX Warning: Citation `lmbench' on page 48 undefined on input line 91.

[48] <images/iddrvsxen-ramdisk-rdwr.pdf, id=811, 361.35pt x 216.81pt>
File: images/iddrvsxen-ramdisk-rdwr.pdf Graphic file (type pdf)

<use images/iddrvsxen-ramdisk-rdwr.pdf>
Package pdftex.def Info: images/iddrvsxen-ramdisk-rdwr.pdf used on input line 1
19.
(pdftex.def)             Requested size: 469.75499pt x 281.85626pt.

<images/iddrvsxen-loop-rd.pdf, id=812, 361.35pt x 216.81pt>
File: images/iddrvsxen-loop-rd.pdf Graphic file (type pdf)

<use images/iddrvsxen-loop-rd.pdf>
Package pdftex.def Info: images/iddrvsxen-loop-rd.pdf used on input line 124.
(pdftex.def)             Requested size: 469.75499pt x 281.85626pt.


LaTeX Warning: Float too large for page by 16.81752pt on input line 128.

<images/iddvsxen-harddisk-rd.pdf, id=813, 361.35pt x 216.81pt>
File: images/iddvsxen-harddisk-rd.pdf Graphic file (type pdf)

<use images/iddvsxen-harddisk-rd.pdf>
Package pdftex.def Info: images/iddvsxen-harddisk-rd.pdf used on input line 133
.
(pdftex.def)             Requested size: 469.75499pt x 281.85626pt.

Underfull \hbox (badness 10000) in paragraph at lines 132--137

 []

[49] [50] <images/rndrd-ramdisk.pdf, id=835, 361.35pt x 216.81pt>
File: images/rndrd-ramdisk.pdf Graphic file (type pdf)

<use images/rndrd-ramdisk.pdf>
Package pdftex.def Info: images/rndrd-ramdisk.pdf used on input line 187.
(pdftex.def)             Requested size: 469.75499pt x 281.85626pt.

<images/rndwr-ramdisk.pdf, id=836, 361.35pt x 216.81pt>
File: images/rndwr-ramdisk.pdf Graphic file (type pdf)

<use images/rndwr-ramdisk.pdf>
Package pdftex.def Info: images/rndwr-ramdisk.pdf used on input line 192.
(pdftex.def)             Requested size: 469.75499pt x 281.85626pt.


LaTeX Warning: Float too large for page by 16.81752pt on input line 196.

<images/rndrw-ramdisk.pdf, id=837, 361.35pt x 216.81pt>
File: images/rndrw-ramdisk.pdf Graphic file (type pdf)

<use images/rndrw-ramdisk.pdf>
Package pdftex.def Info: images/rndrw-ramdisk.pdf used on input line 201.
(pdftex.def)             Requested size: 469.75499pt x 281.85626pt.

<images/rndrd-loopdisk.pdf, id=838, 361.35pt x 216.81pt>
File: images/rndrd-loopdisk.pdf Graphic file (type pdf)

<use images/rndrd-loopdisk.pdf>
Package pdftex.def Info: images/rndrd-loopdisk.pdf used on input line 211.
(pdftex.def)             Requested size: 469.75499pt x 281.85626pt.

<images/rndwr-loopdisk.pdf, id=839, 361.35pt x 216.81pt>
File: images/rndwr-loopdisk.pdf Graphic file (type pdf)

<use images/rndwr-loopdisk.pdf>
Package pdftex.def Info: images/rndwr-loopdisk.pdf used on input line 216.
(pdftex.def)             Requested size: 469.75499pt x 281.85626pt.


LaTeX Warning: Float too large for page by 16.81752pt on input line 220.

<images/rndrw-loopdisk.pdf, id=840, 361.35pt x 216.81pt>
File: images/rndrw-loopdisk.pdf Graphic file (type pdf)

<use images/rndrw-loopdisk.pdf>
Package pdftex.def Info: images/rndrw-loopdisk.pdf used on input line 225.
(pdftex.def)             Requested size: 469.75499pt x 281.85626pt.

<images/rndrd-harddisk.pdf, id=841, 361.35pt x 216.81pt>
File: images/rndrd-harddisk.pdf Graphic file (type pdf)

<use images/rndrd-harddisk.pdf>
Package pdftex.def Info: images/rndrd-harddisk.pdf used on input line 235.
(pdftex.def)             Requested size: 469.75499pt x 281.85626pt.

<images/rndwr-harddisk.pdf, id=842, 361.35pt x 216.81pt>
File: images/rndwr-harddisk.pdf Graphic file (type pdf)

<use images/rndwr-harddisk.pdf>
Package pdftex.def Info: images/rndwr-harddisk.pdf used on input line 240.
(pdftex.def)             Requested size: 469.75499pt x 281.85626pt.


LaTeX Warning: Float too large for page by 16.81752pt on input line 244.

<images/rndrw-harddisk.pdf, id=843, 361.35pt x 216.81pt>
File: images/rndrw-harddisk.pdf Graphic file (type pdf)

<use images/rndrw-harddisk.pdf>
Package pdftex.def Info: images/rndrw-harddisk.pdf used on input line 249.
(pdftex.def)             Requested size: 469.75499pt x 281.85626pt.
 [51]
<images/cpu-rndrd-ramdisk.pdf, id=859, 361.35pt x 216.81pt>
File: images/cpu-rndrd-ramdisk.pdf Graphic file (type pdf)

<use images/cpu-rndrd-ramdisk.pdf>
Package pdftex.def Info: images/cpu-rndrd-ramdisk.pdf used on input line 301.
(pdftex.def)             Requested size: 469.75499pt x 281.85626pt.

<images/cpu-rndrw-ramdisk.pdf, id=860, 361.35pt x 216.81pt>
File: images/cpu-rndrw-ramdisk.pdf Graphic file (type pdf)

<use images/cpu-rndrw-ramdisk.pdf>
Package pdftex.def Info: images/cpu-rndrw-ramdisk.pdf used on input line 306.
(pdftex.def)             Requested size: 469.75499pt x 281.85626pt.


LaTeX Warning: Float too large for page by 16.81752pt on input line 310.

<images/cpu-rndwr-ramdisk.pdf, id=861, 361.35pt x 216.81pt>
File: images/cpu-rndwr-ramdisk.pdf Graphic file (type pdf)

<use images/cpu-rndwr-ramdisk.pdf>
Package pdftex.def Info: images/cpu-rndwr-ramdisk.pdf used on input line 315.
(pdftex.def)             Requested size: 469.75499pt x 281.85626pt.

<images/cpu-rndrd-loopdisk.pdf, id=862, 361.35pt x 216.81pt>
File: images/cpu-rndrd-loopdisk.pdf Graphic file (type pdf)

<use images/cpu-rndrd-loopdisk.pdf>
Package pdftex.def Info: images/cpu-rndrd-loopdisk.pdf used on input line 324.
(pdftex.def)             Requested size: 469.75499pt x 281.85626pt.

<images/cpu-rndrw-loopdisk.pdf, id=863, 361.35pt x 216.81pt>
File: images/cpu-rndrw-loopdisk.pdf Graphic file (type pdf)

<use images/cpu-rndrw-loopdisk.pdf>
Package pdftex.def Info: images/cpu-rndrw-loopdisk.pdf used on input line 329.
(pdftex.def)             Requested size: 469.75499pt x 281.85626pt.


LaTeX Warning: Float too large for page by 16.81752pt on input line 333.

<images/cpu-rndwr-loopdisk.pdf, id=864, 361.35pt x 216.81pt>
File: images/cpu-rndwr-loopdisk.pdf Graphic file (type pdf)

<use images/cpu-rndwr-loopdisk.pdf>
Package pdftex.def Info: images/cpu-rndwr-loopdisk.pdf used on input line 337.
(pdftex.def)             Requested size: 469.75499pt x 281.85626pt.

<images/cpu-rndrd-harddisk.pdf, id=865, 361.35pt x 216.81pt>
File: images/cpu-rndrd-harddisk.pdf Graphic file (type pdf)

<use images/cpu-rndrd-harddisk.pdf>
Package pdftex.def Info: images/cpu-rndrd-harddisk.pdf used on input line 347.
(pdftex.def)             Requested size: 469.75499pt x 281.85626pt.

<images/cpu-rndwr-harddisk.pdf, id=866, 361.35pt x 216.81pt>
File: images/cpu-rndwr-harddisk.pdf Graphic file (type pdf)

<use images/cpu-rndwr-harddisk.pdf>
Package pdftex.def Info: images/cpu-rndwr-harddisk.pdf used on input line 352.
(pdftex.def)             Requested size: 469.75499pt x 281.85626pt.


LaTeX Warning: Float too large for page by 16.81752pt on input line 356.

<images/cpu-rndrw-harddisk.pdf, id=867, 361.35pt x 216.81pt>
File: images/cpu-rndrw-harddisk.pdf Graphic file (type pdf)

<use images/cpu-rndrw-harddisk.pdf>
Package pdftex.def Info: images/cpu-rndrw-harddisk.pdf used on input line 361.
(pdftex.def)             Requested size: 469.75499pt x 281.85626pt.
) [52] [53 <C:/Users/sushrut/Documents/git_co/remote-driver-dev/doc/latex/image
s/iddrvsxen-ramdisk-rdwr.pdf> <C:/Users/sushrut/Documents/git_co/remote-driver-
dev/doc/latex/images/iddrvsxen-loop-rd.pdf

pdfTeX warning: pdflatex (file C:/Users/sushrut/Documents/git_co/remote-driver-
dev/doc/latex/images/iddrvsxen-loop-rd.pdf): PDF inclusion: multiple pdfs with 
page group included in a single page
>] [54 <C:/Users/sushrut/Documents/git_co/remote-driver-dev/doc/latex/images/id
dvsxen-harddisk-rd.pdf>] [55 <C:/Users/sushrut/Documents/git_co/remote-driver-d
ev/doc/latex/images/rndrd-ramdisk.pdf> <C:/Users/sushrut/Documents/git_co/remot
e-driver-dev/doc/latex/images/rndwr-ramdisk.pdf

pdfTeX warning: pdflatex (file C:/Users/sushrut/Documents/git_co/remote-driver-
dev/doc/latex/images/rndwr-ramdisk.pdf): PDF inclusion: multiple pdfs with page
 group included in a single page
>] [56 <C:/Users/sushrut/Documents/git_co/remote-driver-dev/doc/latex/images/rn
drw-ramdisk.pdf>] [57 <C:/Users/sushrut/Documents/git_co/remote-driver-dev/doc/
latex/images/rndrd-loopdisk.pdf> <C:/Users/sushrut/Documents/git_co/remote-driv
er-dev/doc/latex/images/rndwr-loopdisk.pdf

pdfTeX warning: pdflatex (file C:/Users/sushrut/Documents/git_co/remote-driver-
dev/doc/latex/images/rndwr-loopdisk.pdf): PDF inclusion: multiple pdfs with pag
e group included in a single page
>] [58 <C:/Users/sushrut/Documents/git_co/remote-driver-dev/doc/latex/images/rn
drw-loopdisk.pdf>] [59 <C:/Users/sushrut/Documents/git_co/remote-driver-dev/doc
/latex/images/rndrd-harddisk.pdf> <C:/Users/sushrut/Documents/git_co/remote-dri
ver-dev/doc/latex/images/rndwr-harddisk.pdf

pdfTeX warning: pdflatex (file C:/Users/sushrut/Documents/git_co/remote-driver-
dev/doc/latex/images/rndwr-harddisk.pdf): PDF inclusion: multiple pdfs with pag
e group included in a single page
>] [60 <C:/Users/sushrut/Documents/git_co/remote-driver-dev/doc/latex/images/rn
drw-harddisk.pdf>] [61 <C:/Users/sushrut/Documents/git_co/remote-driver-dev/doc
/latex/images/cpu-rndrd-ramdisk.pdf> <C:/Users/sushrut/Documents/git_co/remote-
driver-dev/doc/latex/images/cpu-rndrw-ramdisk.pdf

pdfTeX warning: pdflatex (file C:/Users/sushrut/Documents/git_co/remote-driver-
dev/doc/latex/images/cpu-rndrw-ramdisk.pdf): PDF inclusion: multiple pdfs with 
page group included in a single page
>] [62 <C:/Users/sushrut/Documents/git_co/remote-driver-dev/doc/latex/images/cp
u-rndwr-ramdisk.pdf>] [63 <C:/Users/sushrut/Documents/git_co/remote-driver-dev/
doc/latex/images/cpu-rndrd-loopdisk.pdf> <C:/Users/sushrut/Documents/git_co/rem
ote-driver-dev/doc/latex/images/cpu-rndrw-loopdisk.pdf

pdfTeX warning: pdflatex (file C:/Users/sushrut/Documents/git_co/remote-driver-
dev/doc/latex/images/cpu-rndrw-loopdisk.pdf): PDF inclusion: multiple pdfs with
 page group included in a single page
>] [64 <C:/Users/sushrut/Documents/git_co/remote-driver-dev/doc/latex/images/cp
u-rndwr-loopdisk.pdf>] [65 <C:/Users/sushrut/Documents/git_co/remote-driver-dev
/doc/latex/images/cpu-rndrd-harddisk.pdf> <C:/Users/sushrut/Documents/git_co/re
mote-driver-dev/doc/latex/images/cpu-rndwr-harddisk.pdf

pdfTeX warning: pdflatex (file C:/Users/sushrut/Documents/git_co/remote-driver-
dev/doc/latex/images/cpu-rndwr-harddisk.pdf): PDF inclusion: multiple pdfs with
 page group included in a single page
>] [66 <C:/Users/sushrut/Documents/git_co/remote-driver-dev/doc/latex/images/cp
u-rndrw-harddisk.pdf>]
Chapter 6.

(C:\Users\sushrut\Documents\git_co\remote-driver-dev\doc\latex\chapters/related
work.tex

LaTeX Warning: Citation `tanenbaum2006can' on page 67 undefined on input line 1
5.


LaTeX Warning: Citation `coveritykernel' on page 67 undefined on input line 15.


[67

]

LaTeX Warning: Citation `armand1991give' on page 68 undefined on input line 22.



LaTeX Warning: Citation `Leslie+:jcst2005' on page 68 undefined on input line 2
3.


LaTeX Warning: Citation `Ganapathy:2008:DIM:1346281.1346303' on page 68 undefin
ed on input line 25.


LaTeX Warning: Citation `swift2005improving' on page 68 undefined on input line
 33.

[68]

LaTeX Warning: Citation `Boyd-Wickizer+:atc2010' on page 69 undefined on input 
line 42.


LaTeX Warning: Citation `Belay+:osdi12' on page 69 undefined on input line 47.


LaTeX Warning: Citation `Fraser04safehardware' on page 69 undefined on input li
ne 57.


LaTeX Warning: Citation `LeVasseur04UnmodifiedDriverReuse' on page 69 undefined
 on input line 62.


LaTeX Warning: Citation `Nikolaev:2013:VOS:2517349.2522719' on page 69 undefine
d on input line 69.

[69]

LaTeX Warning: Citation `Accetta+:usenix86' on page 70 undefined on input line 
79.


LaTeX Warning: Citation `Liedtke+:sosp95' on page 70 undefined on input line 79
.


LaTeX Warning: Citation `Elphinstone+:sosp13' on page 70 undefined on input lin
e 86.


LaTeX Warning: Citation `Heiser+:osr2006' on page 70 undefined on input line 89
.


LaTeX Warning: Citation `hand2005virtual' on page 70 undefined on input line 89
.


LaTeX Warning: Citation `Heiser+:acm10' on page 70 undefined on input line 90.


LaTeX Warning: Citation `Fraser04safehardware' on page 70 undefined on input li
ne 98.


LaTeX Warning: Citation `Zhang:2007:XHI:1516124.1516138' on page 70 undefined o
n input line 101.

[70]

LaTeX Warning: Citation `Burtsev:2009:FFI:1855807.1855832' on page 71 undefined
 on input line 106.

) [71]
Chapter 7.

(C:\Users\sushrut\Documents\git_co\remote-driver-dev\doc\latex\chapters/conclus
ion.tex [72

])
(C:\Users\sushrut\Documents\git_co\remote-driver-dev\doc\latex\thesis.bbl)
Package atveryend Info: Empty hook `BeforeClearDocument' on input line 250.

[73]
Package atveryend Info: Empty hook `AfterLastShipout' on input line 250.
 (C:\Users\sushrut\Documents\git_co\remote-driver-dev\doc\latex\thesis.aux)
Package atveryend Info: Executing hook `AtVeryEndDocument' on input line 250.
Package atveryend Info: Executing hook `AtEndAfterFileList' on input line 250.
Package rerunfilecheck Info: File `thesis.out' has not changed.
(rerunfilecheck)             Checksum: 32D96EA74256E224EC1B4C511F6A7074;2689.

LaTeX Warning: There were undefined references.

 ) 
Here is how much of TeX's memory you used:
 11003 strings out of 493921
 168461 string characters out of 3144869
 280650 words of memory out of 3000000
 13908 multiletter control sequences out of 15000+200000
 9668 words of font info for 34 fonts, out of 3000000 for 9000
 841 hyphenation exceptions out of 8191
 37i,10n,39p,813b,556s stack positions out of 5000i,500n,10000p,200000b,50000s
<C:/Program Files (x86)/MiKTeX 2.9/fonts/type1/public/amsfonts/cm/cmbx12.pfb>
<C:/Program Files (x86)/MiKTeX 2.9/fonts/type1/public/amsfonts/cm/cmr10.pfb><C:
/Program Files (x86)/MiKTeX 2.9/fonts/type1/public/amsfonts/cm/cmr12.pfb><C:/Pr
ogram Files (x86)/MiKTeX 2.9/fonts/type1/public/amsfonts/cm/cmr17.pfb><C:/Progr
am Files (x86)/MiKTeX 2.9/fonts/type1/public/amsfonts/cm/cmsl12.pfb><C:/Program
 Files (x86)/MiKTeX 2.9/fonts/type1/public/amsfonts/cm/cmsy10.pfb><C:/Program F
iles (x86)/MiKTeX 2.9/fonts/type1/public/amsfonts/cm/cmti12.pfb><C:/Program Fil
es (x86)/MiKTeX 2.9/fonts/type1/public/amsfonts/cm/cmtt12.pfb>
Output written on thesis.pdf (83 pages, 2199553 bytes).
PDF statistics:
 1227 PDF objects out of 1440 (max. 8388607)
 222 named destinations out of 1000 (max. 500000)
 559 words of extra memory for PDF output out of 10000 (max. 10000000)

